1477098345079	addons.manager	DEBUG	Application has been upgraded
1477098346152	addons.manager	DEBUG	Loaded provider scope for resource://gre/modules/addons/XPIProvider.jsm: ["XPIProvider"]
1477098346156	addons.manager	DEBUG	Loaded provider scope for resource://gre/modules/LightweightThemeManager.jsm: ["LightweightThemeManager"]
1477098346165	addons.manager	DEBUG	Loaded provider scope for resource://gre/modules/addons/GMPProvider.jsm
1477098346169	addons.manager	DEBUG	Loaded provider scope for resource://gre/modules/addons/PluginProvider.jsm
1477098346170	addons.manager	DEBUG	Starting provider: XPIProvider
1477098346178	addons.xpi	DEBUG	startup
1477098346180	addons.xpi	INFO	SystemAddonInstallLocation directory is missing
1477098346181	addons.xpi	INFO	Mapping e10srollout@mozilla.org to C:\Program Files (x86)\Mozilla Firefox\browser\features\e10srollout@mozilla.org.xpi
1477098346182	addons.xpi	INFO	Mapping firefox@getpocket.com to C:\Program Files (x86)\Mozilla Firefox\browser\features\firefox@getpocket.com.xpi
1477098346182	addons.xpi	INFO	Mapping loop@mozilla.org to C:\Program Files (x86)\Mozilla Firefox\browser\features\loop@mozilla.org.xpi
1477098346183	addons.xpi	INFO	Mapping {972ce4c6-7e08-4474-a285-3208198ce6fd} to C:\Program Files (x86)\Mozilla Firefox\browser\extensions\{972ce4c6-7e08-4474-a285-3208198ce6fd}.xpi
1477098346184	addons.xpi	DEBUG	checkForChanges
1477098346184	addons.xpi	DEBUG	Loaded add-on state from prefs: {}
1477098346186	addons.xpi	DEBUG	New add-on e10srollout@mozilla.org in app-system-defaults
1477098346186	addons.xpi	DEBUG	getModTime: Recursive scan of e10srollout@mozilla.org
1477098346187	addons.xpi	DEBUG	New add-on firefox@getpocket.com in app-system-defaults
1477098346188	addons.xpi	DEBUG	getModTime: Recursive scan of firefox@getpocket.com
1477098346188	addons.xpi	DEBUG	New add-on loop@mozilla.org in app-system-defaults
1477098346188	addons.xpi	DEBUG	getModTime: Recursive scan of loop@mozilla.org
1477098346189	addons.xpi	DEBUG	New add-on {972ce4c6-7e08-4474-a285-3208198ce6fd} in app-global
1477098346190	addons.xpi	DEBUG	getModTime: Recursive scan of {972ce4c6-7e08-4474-a285-3208198ce6fd}
1477098346190	addons.xpi	DEBUG	getInstallState changed: true, state: {"app-system-defaults":{"e10srollout@mozilla.org":{"d":"C:\\Program Files (x86)\\Mozilla Firefox\\browser\\features\\e10srollout@mozilla.org.xpi","st":1477096434394},"firefox@getpocket.com":{"d":"C:\\Program Files (x86)\\Mozilla Firefox\\browser\\features\\firefox@getpocket.com.xpi","st":1477096434371},"loop@mozilla.org":{"d":"C:\\Program Files (x86)\\Mozilla Firefox\\browser\\features\\loop@mozilla.org.xpi","st":1477096434285}},"app-global":{"{972ce4c6-7e08-4474-a285-3208198ce6fd}":{"d":"C:\\Program Files (x86)\\Mozilla Firefox\\browser\\extensions\\{972ce4c6-7e08-4474-a285-3208198ce6fd}.xpi","st":1477096434400}}}
1477098346199	addons.xpi-utils	DEBUG	Opening XPI database C:\Users\Pablo\AppData\Local\Temp\rust_mozprofile.oFvttDNXNobh\extensions.json
1477098346200	addons.xpi-utils	DEBUG	New add-on e10srollout@mozilla.org installed in app-system-defaults
*** Blocklist::_loadBlocklistFromFile: blocklist is disabled
1477098346243	DeferredSave.extensions.json	DEBUG	Save changes
1477098346244	addons.xpi-utils	DEBUG	New add-on firefox@getpocket.com installed in app-system-defaults
1477098346280	DeferredSave.extensions.json	DEBUG	Starting timer
1477098346283	DeferredSave.extensions.json	DEBUG	Save changes
1477098346283	addons.xpi-utils	DEBUG	New add-on loop@mozilla.org installed in app-system-defaults
1477098346327	DeferredSave.extensions.json	DEBUG	Save changes
1477098346328	addons.xpi-utils	DEBUG	New add-on {972ce4c6-7e08-4474-a285-3208198ce6fd} installed in app-global
1477098346366	DeferredSave.extensions.json	DEBUG	Save changes
1477098346366	addons.xpi-utils	INFO	Hiding the updated system add-ons.
1477098346379	addons.xpi	DEBUG	Loading bootstrap scope from C:\Program Files (x86)\Mozilla Firefox\browser\features\e10srollout@mozilla.org.xpi
1477098346394	addons.xpi	DEBUG	Calling bootstrap method install on e10srollout@mozilla.org version 1.0
1477098346395	addons.xpi-utils	DEBUG	Make addon app-system-defaults:e10srollout@mozilla.org visible
1477098346395	DeferredSave.extensions.json	DEBUG	Save changes
1477098346395	addons.xpi	DEBUG	Loading bootstrap scope from C:\Program Files (x86)\Mozilla Firefox\browser\features\firefox@getpocket.com.xpi
1477098346399	addons.xpi	DEBUG	Calling bootstrap method install on firefox@getpocket.com version 1.0.2
1477098346399	addons.xpi-utils	DEBUG	Make addon app-system-defaults:firefox@getpocket.com visible
1477098346399	DeferredSave.extensions.json	DEBUG	Save changes
1477098346400	addons.xpi	DEBUG	Loading bootstrap scope from C:\Program Files (x86)\Mozilla Firefox\browser\features\loop@mozilla.org.xpi
1477098346405	addons.xpi	DEBUG	Calling bootstrap method install on loop@mozilla.org version 1.3.2
1477098346405	addons.xpi-utils	DEBUG	Make addon app-system-defaults:loop@mozilla.org visible
1477098346405	DeferredSave.extensions.json	DEBUG	Save changes
1477098346405	addons.xpi-utils	DEBUG	Make addon app-global:{972ce4c6-7e08-4474-a285-3208198ce6fd} visible
1477098346405	DeferredSave.extensions.json	DEBUG	Save changes
1477098346406	addons.xpi	DEBUG	Updating XPIState for {"id":"e10srollout@mozilla.org","syncGUID":"6WwZuv98KTbd","location":"app-system-defaults","version":"1.0","type":"extension","internalName":null,"updateURL":null,"updateKey":null,"optionsURL":null,"optionsType":null,"aboutURL":null,"icons":{},"iconURL":null,"icon64URL":null,"defaultLocale":{"name":"Multi-process staged rollout","description":"Staged rollout of Firefox multi-process feature.","creator":null,"homepageURL":null},"visible":true,"active":true,"userDisabled":false,"appDisabled":false,"descriptor":"C:\\Program Files (x86)\\Mozilla Firefox\\browser\\features\\e10srollout@mozilla.org.xpi","installDate":1477096434394,"updateDate":1477096434394,"applyBackgroundUpdates":1,"bootstrap":true,"skinnable":false,"size":4584,"sourceURI":null,"releaseNotesURI":null,"softDisabled":false,"foreignInstall":false,"hasBinaryComponents":false,"strictCompatibility":false,"locales":[],"targetApplications":[{"id":"{ec8030f7-c20a-464f-9b0e-13a3a9e97384}","minVersion":"47.0.1","maxVersion":"47.0.1"}],"targetPlatforms":[],"multiprocessCompatible":false,"seen":true}
1477098346406	addons.xpi	DEBUG	getModTime: Recursive scan of e10srollout@mozilla.org
1477098346406	addons.xpi	DEBUG	Updating XPIState for {"id":"firefox@getpocket.com","syncGUID":"Yk9JmQuhJuup","location":"app-system-defaults","version":"1.0.2","type":"extension","internalName":null,"updateURL":null,"updateKey":null,"optionsURL":null,"optionsType":null,"aboutURL":null,"icons":{},"iconURL":null,"icon64URL":null,"defaultLocale":{"name":"Pocket","description":"When you find something you want to view later, put it in Pocket.","creator":null,"homepageURL":null},"visible":true,"active":true,"userDisabled":false,"appDisabled":false,"descriptor":"C:\\Program Files (x86)\\Mozilla Firefox\\browser\\features\\firefox@getpocket.com.xpi","installDate":1477096434371,"updateDate":1477096434371,"applyBackgroundUpdates":1,"bootstrap":true,"skinnable":false,"size":894531,"sourceURI":null,"releaseNotesURI":null,"softDisabled":false,"foreignInstall":false,"hasBinaryComponents":false,"strictCompatibility":false,"locales":[],"targetApplications":[{"id":"{ec8030f7-c20a-464f-9b0e-13a3a9e97384}","minVersion":"47.0.1","maxVersion":"47.0.1"}],"targetPlatforms":[],"multiprocessCompatible":false,"seen":true}
1477098346406	addons.xpi	DEBUG	getModTime: Recursive scan of firefox@getpocket.com
1477098346407	addons.xpi	DEBUG	Updating XPIState for {"id":"loop@mozilla.org","syncGUID":"buHBMUDh49h7","location":"app-system-defaults","version":"1.3.2","type":"extension","internalName":null,"updateURL":null,"updateKey":null,"optionsURL":null,"optionsType":null,"aboutURL":null,"icons":{},"iconURL":null,"icon64URL":null,"defaultLocale":{"name":"Firefox Hello","description":"Web sharing for Firefox","creator":"Mozilla","homepageURL":null},"visible":true,"active":true,"userDisabled":false,"appDisabled":false,"descriptor":"C:\\Program Files (x86)\\Mozilla Firefox\\browser\\features\\loop@mozilla.org.xpi","installDate":1477096434285,"updateDate":1477096434285,"applyBackgroundUpdates":1,"bootstrap":true,"skinnable":false,"size":4239918,"sourceURI":null,"releaseNotesURI":null,"softDisabled":false,"foreignInstall":false,"hasBinaryComponents":false,"strictCompatibility":false,"locales":[],"targetApplications":[{"id":"{ec8030f7-c20a-464f-9b0e-13a3a9e97384}","minVersion":"46.0a1","maxVersion":"47.*"},{"id":"xpcshell@tests.mozilla.org","minVersion":"0","maxVersion":"10"}],"targetPlatforms":[],"multiprocessCompatible":false,"seen":true}
1477098346407	addons.xpi	DEBUG	getModTime: Recursive scan of loop@mozilla.org
1477098346407	addons.xpi	DEBUG	Updating XPIState for {"id":"{972ce4c6-7e08-4474-a285-3208198ce6fd}","syncGUID":"_qShPZ5KasT_","location":"app-global","version":"47.0.1","type":"theme","internalName":"classic/1.0","updateURL":null,"updateKey":null,"optionsURL":null,"optionsType":null,"aboutURL":null,"icons":{"32":"icon.png","48":"icon.png"},"iconURL":null,"icon64URL":null,"defaultLocale":{"name":"Default","description":"The default theme.","creator":"Mozilla","homepageURL":null,"contributors":["Mozilla Contributors"]},"visible":true,"active":true,"userDisabled":false,"appDisabled":false,"descriptor":"C:\\Program Files (x86)\\Mozilla Firefox\\browser\\extensions\\{972ce4c6-7e08-4474-a285-3208198ce6fd}.xpi","installDate":1477096434400,"updateDate":1477096434400,"applyBackgroundUpdates":1,"skinnable":true,"size":22012,"sourceURI":null,"releaseNotesURI":null,"softDisabled":false,"foreignInstall":false,"hasBinaryComponents":false,"strictCompatibility":true,"locales":[],"targetApplications":[{"id":"{ec8030f7-c20a-464f-9b0e-13a3a9e97384}","minVersion":"47.0.1","maxVersion":"47.0.1"}],"targetPlatforms":[],"seen":true}
1477098346407	addons.xpi	DEBUG	getModTime: Recursive scan of {972ce4c6-7e08-4474-a285-3208198ce6fd}
1477098346408	DeferredSave.extensions.json	DEBUG	Save changes
1477098346408	addons.xpi	DEBUG	Updating database with changes to installed add-ons
1477098346408	addons.xpi-utils	DEBUG	Updating add-on states
1477098346409	addons.xpi-utils	DEBUG	Writing add-ons list
1477098346442	addons.xpi	DEBUG	Registering manifest for C:\Program Files (x86)\Mozilla Firefox\browser\features\e10srollout@mozilla.org.xpi
1477098346443	addons.xpi	DEBUG	Calling bootstrap method startup on e10srollout@mozilla.org version 1.0
1477098346443	addons.xpi	DEBUG	Registering manifest for C:\Program Files (x86)\Mozilla Firefox\browser\features\firefox@getpocket.com.xpi
1477098346443	addons.xpi	DEBUG	Calling bootstrap method startup on firefox@getpocket.com version 1.0.2
1477098346444	addons.xpi	DEBUG	Registering manifest for C:\Program Files (x86)\Mozilla Firefox\browser\features\loop@mozilla.org.xpi
1477098346445	addons.xpi	DEBUG	Calling bootstrap method startup on loop@mozilla.org version 1.3.2
1477098346479	addons.manager	DEBUG	Registering shutdown blocker for XPIProvider
1477098346480	addons.manager	DEBUG	Provider finished startup: XPIProvider
1477098346480	addons.manager	DEBUG	Starting provider: LightweightThemeManager
1477098346480	addons.manager	DEBUG	Registering shutdown blocker for LightweightThemeManager
1477098346480	addons.manager	DEBUG	Provider finished startup: LightweightThemeManager
1477098346480	addons.manager	DEBUG	Starting provider: GMPProvider
1477098346486	addons.manager	DEBUG	Registering shutdown blocker for GMPProvider
1477098346486	addons.manager	DEBUG	Provider finished startup: GMPProvider
1477098346486	addons.manager	DEBUG	Starting provider: PluginProvider
1477098346486	addons.manager	DEBUG	Registering shutdown blocker for PluginProvider
1477098346486	addons.manager	DEBUG	Provider finished startup: PluginProvider
1477098346487	addons.manager	DEBUG	Completed startup sequence
1477098347381	Marionette	INFO	Listening on port 60491
1477098348739	addons.manager	DEBUG	Starting provider: <unnamed-provider>
1477098348739	addons.manager	DEBUG	Registering shutdown blocker for <unnamed-provider>
1477098348739	addons.manager	DEBUG	Provider finished startup: <unnamed-provider>
1477098348921	addons.manager	DEBUG	Starting provider: PreviousExperimentProvider
1477098348921	addons.manager	DEBUG	Registering shutdown blocker for PreviousExperimentProvider
1477098348921	addons.manager	DEBUG	Provider finished startup: PreviousExperimentProvider
1477098348923	DeferredSave.extensions.json	DEBUG	Starting write
1477098349570	DeferredSave.extensions.json	DEBUG	Write succeeded
1477098349571	addons.xpi-utils	DEBUG	XPI Database saved, setting schema version preference to 17
1477098355401	addons.xpi	DEBUG	Calling bootstrap method shutdown on e10srollout@mozilla.org version 1.0
1477098355402	addons.xpi	DEBUG	Calling bootstrap method shutdown on firefox@getpocket.com version 1.0.2
1477098355402	addons.xpi	DEBUG	Calling bootstrap method shutdown on loop@mozilla.org version 1.3.2
1477098959145	addons.manager	DEBUG	Application has been upgraded
1477098960401	addons.manager	DEBUG	Loaded provider scope for resource://gre/modules/addons/XPIProvider.jsm: ["XPIProvider"]
1477098960402	addons.manager	DEBUG	Loaded provider scope for resource://gre/modules/LightweightThemeManager.jsm: ["LightweightThemeManager"]
1477098960406	addons.manager	DEBUG	Loaded provider scope for resource://gre/modules/addons/GMPProvider.jsm
1477098960407	addons.manager	DEBUG	Loaded provider scope for resource://gre/modules/addons/PluginProvider.jsm
1477098960408	addons.manager	DEBUG	Starting provider: XPIProvider
1477098960408	addons.xpi	DEBUG	startup
1477098960409	addons.xpi	INFO	SystemAddonInstallLocation directory is missing
1477098960410	addons.xpi	INFO	Mapping e10srollout@mozilla.org to C:\Program Files (x86)\Mozilla Firefox\browser\features\e10srollout@mozilla.org.xpi
1477098960410	addons.xpi	INFO	Mapping firefox@getpocket.com to C:\Program Files (x86)\Mozilla Firefox\browser\features\firefox@getpocket.com.xpi
1477098960410	addons.xpi	INFO	Mapping loop@mozilla.org to C:\Program Files (x86)\Mozilla Firefox\browser\features\loop@mozilla.org.xpi
1477098960411	addons.xpi	INFO	Mapping {972ce4c6-7e08-4474-a285-3208198ce6fd} to C:\Program Files (x86)\Mozilla Firefox\browser\extensions\{972ce4c6-7e08-4474-a285-3208198ce6fd}.xpi
1477098960412	addons.xpi	DEBUG	checkForChanges
1477098960412	addons.xpi	DEBUG	Loaded add-on state from prefs: {}
1477098960413	addons.xpi	DEBUG	New add-on e10srollout@mozilla.org in app-system-defaults
1477098960413	addons.xpi	DEBUG	getModTime: Recursive scan of e10srollout@mozilla.org
1477098960413	addons.xpi	DEBUG	New add-on firefox@getpocket.com in app-system-defaults
1477098960414	addons.xpi	DEBUG	getModTime: Recursive scan of firefox@getpocket.com
1477098960414	addons.xpi	DEBUG	New add-on loop@mozilla.org in app-system-defaults
1477098960414	addons.xpi	DEBUG	getModTime: Recursive scan of loop@mozilla.org
1477098960415	addons.xpi	DEBUG	New add-on {972ce4c6-7e08-4474-a285-3208198ce6fd} in app-global
1477098960415	addons.xpi	DEBUG	getModTime: Recursive scan of {972ce4c6-7e08-4474-a285-3208198ce6fd}
1477098960415	addons.xpi	DEBUG	getInstallState changed: true, state: {"app-system-defaults":{"e10srollout@mozilla.org":{"d":"C:\\Program Files (x86)\\Mozilla Firefox\\browser\\features\\e10srollout@mozilla.org.xpi","st":1477096434394},"firefox@getpocket.com":{"d":"C:\\Program Files (x86)\\Mozilla Firefox\\browser\\features\\firefox@getpocket.com.xpi","st":1477096434371},"loop@mozilla.org":{"d":"C:\\Program Files (x86)\\Mozilla Firefox\\browser\\features\\loop@mozilla.org.xpi","st":1477096434285}},"app-global":{"{972ce4c6-7e08-4474-a285-3208198ce6fd}":{"d":"C:\\Program Files (x86)\\Mozilla Firefox\\browser\\extensions\\{972ce4c6-7e08-4474-a285-3208198ce6fd}.xpi","st":1477096434400}}}
1477098960422	addons.xpi-utils	DEBUG	Opening XPI database C:\Users\Pablo\AppData\Local\Temp\rust_mozprofile.4GXbNzKwlD28\extensions.json
1477098960423	addons.xpi-utils	DEBUG	New add-on e10srollout@mozilla.org installed in app-system-defaults
*** Blocklist::_loadBlocklistFromFile: blocklist is disabled
1477098960521	DeferredSave.extensions.json	DEBUG	Save changes
1477098960522	addons.xpi-utils	DEBUG	New add-on firefox@getpocket.com installed in app-system-defaults
1477098960578	DeferredSave.extensions.json	DEBUG	Starting timer
1477098960581	DeferredSave.extensions.json	DEBUG	Save changes
1477098960581	addons.xpi-utils	DEBUG	New add-on loop@mozilla.org installed in app-system-defaults
1477098960663	DeferredSave.extensions.json	DEBUG	Save changes
1477098960664	addons.xpi-utils	DEBUG	New add-on {972ce4c6-7e08-4474-a285-3208198ce6fd} installed in app-global
1477098960670	DeferredSave.extensions.json	DEBUG	Save changes
1477098960670	addons.xpi-utils	INFO	Hiding the updated system add-ons.
1477098960678	addons.xpi	DEBUG	Loading bootstrap scope from C:\Program Files (x86)\Mozilla Firefox\browser\features\e10srollout@mozilla.org.xpi
1477098960689	addons.xpi	DEBUG	Calling bootstrap method install on e10srollout@mozilla.org version 1.0
1477098960690	addons.xpi-utils	DEBUG	Make addon app-system-defaults:e10srollout@mozilla.org visible
1477098960690	DeferredSave.extensions.json	DEBUG	Save changes
1477098960690	addons.xpi	DEBUG	Loading bootstrap scope from C:\Program Files (x86)\Mozilla Firefox\browser\features\firefox@getpocket.com.xpi
1477098960696	addons.xpi	DEBUG	Calling bootstrap method install on firefox@getpocket.com version 1.0.2
1477098960696	addons.xpi-utils	DEBUG	Make addon app-system-defaults:firefox@getpocket.com visible
1477098960696	DeferredSave.extensions.json	DEBUG	Save changes
1477098960697	addons.xpi	DEBUG	Loading bootstrap scope from C:\Program Files (x86)\Mozilla Firefox\browser\features\loop@mozilla.org.xpi
1477098960704	addons.xpi	DEBUG	Calling bootstrap method install on loop@mozilla.org version 1.3.2
1477098960705	addons.xpi-utils	DEBUG	Make addon app-system-defaults:loop@mozilla.org visible
1477098960705	DeferredSave.extensions.json	DEBUG	Save changes
1477098960705	addons.xpi-utils	DEBUG	Make addon app-global:{972ce4c6-7e08-4474-a285-3208198ce6fd} visible
1477098960705	DeferredSave.extensions.json	DEBUG	Save changes
1477098960706	addons.xpi	DEBUG	Updating XPIState for {"id":"e10srollout@mozilla.org","syncGUID":"hKLPj6jjEV_2","location":"app-system-defaults","version":"1.0","type":"extension","internalName":null,"updateURL":null,"updateKey":null,"optionsURL":null,"optionsType":null,"aboutURL":null,"icons":{},"iconURL":null,"icon64URL":null,"defaultLocale":{"name":"Multi-process staged rollout","description":"Staged rollout of Firefox multi-process feature.","creator":null,"homepageURL":null},"visible":true,"active":true,"userDisabled":false,"appDisabled":false,"descriptor":"C:\\Program Files (x86)\\Mozilla Firefox\\browser\\features\\e10srollout@mozilla.org.xpi","installDate":1477096434394,"updateDate":1477096434394,"applyBackgroundUpdates":1,"bootstrap":true,"skinnable":false,"size":4584,"sourceURI":null,"releaseNotesURI":null,"softDisabled":false,"foreignInstall":false,"hasBinaryComponents":false,"strictCompatibility":false,"locales":[],"targetApplications":[{"id":"{ec8030f7-c20a-464f-9b0e-13a3a9e97384}","minVersion":"47.0.1","maxVersion":"47.0.1"}],"targetPlatforms":[],"multiprocessCompatible":false,"seen":true}
1477098960706	addons.xpi	DEBUG	getModTime: Recursive scan of e10srollout@mozilla.org
1477098960706	addons.xpi	DEBUG	Updating XPIState for {"id":"firefox@getpocket.com","syncGUID":"XohJTe-onWL6","location":"app-system-defaults","version":"1.0.2","type":"extension","internalName":null,"updateURL":null,"updateKey":null,"optionsURL":null,"optionsType":null,"aboutURL":null,"icons":{},"iconURL":null,"icon64URL":null,"defaultLocale":{"name":"Pocket","description":"When you find something you want to view later, put it in Pocket.","creator":null,"homepageURL":null},"visible":true,"active":true,"userDisabled":false,"appDisabled":false,"descriptor":"C:\\Program Files (x86)\\Mozilla Firefox\\browser\\features\\firefox@getpocket.com.xpi","installDate":1477096434371,"updateDate":1477096434371,"applyBackgroundUpdates":1,"bootstrap":true,"skinnable":false,"size":894531,"sourceURI":null,"releaseNotesURI":null,"softDisabled":false,"foreignInstall":false,"hasBinaryComponents":false,"strictCompatibility":false,"locales":[],"targetApplications":[{"id":"{ec8030f7-c20a-464f-9b0e-13a3a9e97384}","minVersion":"47.0.1","maxVersion":"47.0.1"}],"targetPlatforms":[],"multiprocessCompatible":false,"seen":true}
1477098960706	addons.xpi	DEBUG	getModTime: Recursive scan of firefox@getpocket.com
1477098960707	addons.xpi	DEBUG	Updating XPIState for {"id":"loop@mozilla.org","syncGUID":"cTIAhmOF8eCm","location":"app-system-defaults","version":"1.3.2","type":"extension","internalName":null,"updateURL":null,"updateKey":null,"optionsURL":null,"optionsType":null,"aboutURL":null,"icons":{},"iconURL":null,"icon64URL":null,"defaultLocale":{"name":"Firefox Hello","description":"Web sharing for Firefox","creator":"Mozilla","homepageURL":null},"visible":true,"active":true,"userDisabled":false,"appDisabled":false,"descriptor":"C:\\Program Files (x86)\\Mozilla Firefox\\browser\\features\\loop@mozilla.org.xpi","installDate":1477096434285,"updateDate":1477096434285,"applyBackgroundUpdates":1,"bootstrap":true,"skinnable":false,"size":4239918,"sourceURI":null,"releaseNotesURI":null,"softDisabled":false,"foreignInstall":false,"hasBinaryComponents":false,"strictCompatibility":false,"locales":[],"targetApplications":[{"id":"{ec8030f7-c20a-464f-9b0e-13a3a9e97384}","minVersion":"46.0a1","maxVersion":"47.*"},{"id":"xpcshell@tests.mozilla.org","minVersion":"0","maxVersion":"10"}],"targetPlatforms":[],"multiprocessCompatible":false,"seen":true}
1477098960707	addons.xpi	DEBUG	getModTime: Recursive scan of loop@mozilla.org
1477098960707	addons.xpi	DEBUG	Updating XPIState for {"id":"{972ce4c6-7e08-4474-a285-3208198ce6fd}","syncGUID":"Qf4_E1ahQS17","location":"app-global","version":"47.0.1","type":"theme","internalName":"classic/1.0","updateURL":null,"updateKey":null,"optionsURL":null,"optionsType":null,"aboutURL":null,"icons":{"32":"icon.png","48":"icon.png"},"iconURL":null,"icon64URL":null,"defaultLocale":{"name":"Default","description":"The default theme.","creator":"Mozilla","homepageURL":null,"contributors":["Mozilla Contributors"]},"visible":true,"active":true,"userDisabled":false,"appDisabled":false,"descriptor":"C:\\Program Files (x86)\\Mozilla Firefox\\browser\\extensions\\{972ce4c6-7e08-4474-a285-3208198ce6fd}.xpi","installDate":1477096434400,"updateDate":1477096434400,"applyBackgroundUpdates":1,"skinnable":true,"size":22012,"sourceURI":null,"releaseNotesURI":null,"softDisabled":false,"foreignInstall":false,"hasBinaryComponents":false,"strictCompatibility":true,"locales":[],"targetApplications":[{"id":"{ec8030f7-c20a-464f-9b0e-13a3a9e97384}","minVersion":"47.0.1","maxVersion":"47.0.1"}],"targetPlatforms":[],"seen":true}
1477098960707	addons.xpi	DEBUG	getModTime: Recursive scan of {972ce4c6-7e08-4474-a285-3208198ce6fd}
1477098960708	DeferredSave.extensions.json	DEBUG	Save changes
1477098960708	addons.xpi	DEBUG	Updating database with changes to installed add-ons
1477098960708	addons.xpi-utils	DEBUG	Updating add-on states
1477098960709	addons.xpi-utils	DEBUG	Writing add-ons list
1477098960713	addons.xpi	DEBUG	Registering manifest for C:\Program Files (x86)\Mozilla Firefox\browser\features\e10srollout@mozilla.org.xpi
1477098960713	addons.xpi	DEBUG	Calling bootstrap method startup on e10srollout@mozilla.org version 1.0
1477098960713	addons.xpi	DEBUG	Registering manifest for C:\Program Files (x86)\Mozilla Firefox\browser\features\firefox@getpocket.com.xpi
1477098960714	addons.xpi	DEBUG	Calling bootstrap method startup on firefox@getpocket.com version 1.0.2
1477098960715	addons.xpi	DEBUG	Registering manifest for C:\Program Files (x86)\Mozilla Firefox\browser\features\loop@mozilla.org.xpi
1477098960716	addons.xpi	DEBUG	Calling bootstrap method startup on loop@mozilla.org version 1.3.2
1477098960736	addons.manager	DEBUG	Registering shutdown blocker for XPIProvider
1477098960736	addons.manager	DEBUG	Provider finished startup: XPIProvider
1477098960736	addons.manager	DEBUG	Starting provider: LightweightThemeManager
1477098960736	addons.manager	DEBUG	Registering shutdown blocker for LightweightThemeManager
1477098960737	addons.manager	DEBUG	Provider finished startup: LightweightThemeManager
1477098960737	addons.manager	DEBUG	Starting provider: GMPProvider
1477098960743	addons.manager	DEBUG	Registering shutdown blocker for GMPProvider
1477098960743	addons.manager	DEBUG	Provider finished startup: GMPProvider
1477098960743	addons.manager	DEBUG	Starting provider: PluginProvider
1477098960744	addons.manager	DEBUG	Registering shutdown blocker for PluginProvider
1477098960744	addons.manager	DEBUG	Provider finished startup: PluginProvider
1477098960744	addons.manager	DEBUG	Completed startup sequence
1477098962933	Marionette	INFO	Listening on port 60557
1477098968082	addons.manager	DEBUG	Starting provider: <unnamed-provider>
1477098968082	addons.manager	DEBUG	Registering shutdown blocker for <unnamed-provider>
1477098968082	addons.manager	DEBUG	Provider finished startup: <unnamed-provider>
1477098969955	addons.manager	DEBUG	Starting provider: PreviousExperimentProvider
1477098969955	addons.manager	DEBUG	Registering shutdown blocker for PreviousExperimentProvider
1477098969956	addons.manager	DEBUG	Provider finished startup: PreviousExperimentProvider
1477098969960	DeferredSave.extensions.json	DEBUG	Starting write
1477098971747	DeferredSave.extensions.json	DEBUG	Write succeeded
1477098971747	addons.xpi-utils	DEBUG	XPI Database saved, setting schema version preference to 17
1477098990728	addons.xpi	DEBUG	Calling bootstrap method shutdown on e10srollout@mozilla.org version 1.0
1477098990728	addons.xpi	DEBUG	Calling bootstrap method shutdown on firefox@getpocket.com version 1.0.2
1477098990729	addons.xpi	DEBUG	Calling bootstrap method shutdown on loop@mozilla.org version 1.3.2
1477099053592	addons.manager	DEBUG	Application has been upgraded
1477099054130	addons.manager	DEBUG	Loaded provider scope for resource://gre/modules/addons/XPIProvider.jsm: ["XPIProvider"]
1477099054132	addons.manager	DEBUG	Loaded provider scope for resource://gre/modules/LightweightThemeManager.jsm: ["LightweightThemeManager"]
1477099054138	addons.manager	DEBUG	Loaded provider scope for resource://gre/modules/addons/GMPProvider.jsm
1477099054140	addons.manager	DEBUG	Loaded provider scope for resource://gre/modules/addons/PluginProvider.jsm
1477099054141	addons.manager	DEBUG	Starting provider: XPIProvider
1477099054141	addons.xpi	DEBUG	startup
1477099054142	addons.xpi	INFO	SystemAddonInstallLocation directory is missing
1477099054143	addons.xpi	INFO	Mapping e10srollout@mozilla.org to C:\Program Files (x86)\Mozilla Firefox\browser\features\e10srollout@mozilla.org.xpi
1477099054144	addons.xpi	INFO	Mapping firefox@getpocket.com to C:\Program Files (x86)\Mozilla Firefox\browser\features\firefox@getpocket.com.xpi
1477099054144	addons.xpi	INFO	Mapping loop@mozilla.org to C:\Program Files (x86)\Mozilla Firefox\browser\features\loop@mozilla.org.xpi
1477099054145	addons.xpi	INFO	Mapping {972ce4c6-7e08-4474-a285-3208198ce6fd} to C:\Program Files (x86)\Mozilla Firefox\browser\extensions\{972ce4c6-7e08-4474-a285-3208198ce6fd}.xpi
1477099054146	addons.xpi	DEBUG	checkForChanges
1477099054146	addons.xpi	DEBUG	Loaded add-on state from prefs: {}
1477099054147	addons.xpi	DEBUG	New add-on e10srollout@mozilla.org in app-system-defaults
1477099054148	addons.xpi	DEBUG	getModTime: Recursive scan of e10srollout@mozilla.org
1477099054148	addons.xpi	DEBUG	New add-on firefox@getpocket.com in app-system-defaults
1477099054149	addons.xpi	DEBUG	getModTime: Recursive scan of firefox@getpocket.com
1477099054149	addons.xpi	DEBUG	New add-on loop@mozilla.org in app-system-defaults
1477099054149	addons.xpi	DEBUG	getModTime: Recursive scan of loop@mozilla.org
1477099054150	addons.xpi	DEBUG	New add-on {972ce4c6-7e08-4474-a285-3208198ce6fd} in app-global
1477099054150	addons.xpi	DEBUG	getModTime: Recursive scan of {972ce4c6-7e08-4474-a285-3208198ce6fd}
1477099054151	addons.xpi	DEBUG	getInstallState changed: true, state: {"app-system-defaults":{"e10srollout@mozilla.org":{"d":"C:\\Program Files (x86)\\Mozilla Firefox\\browser\\features\\e10srollout@mozilla.org.xpi","st":1477096434394},"firefox@getpocket.com":{"d":"C:\\Program Files (x86)\\Mozilla Firefox\\browser\\features\\firefox@getpocket.com.xpi","st":1477096434371},"loop@mozilla.org":{"d":"C:\\Program Files (x86)\\Mozilla Firefox\\browser\\features\\loop@mozilla.org.xpi","st":1477096434285}},"app-global":{"{972ce4c6-7e08-4474-a285-3208198ce6fd}":{"d":"C:\\Program Files (x86)\\Mozilla Firefox\\browser\\extensions\\{972ce4c6-7e08-4474-a285-3208198ce6fd}.xpi","st":1477096434400}}}
1477099054159	addons.xpi-utils	DEBUG	Opening XPI database C:\Users\Pablo\AppData\Local\Temp\rust_mozprofile.63C6rjpSaVdX\extensions.json
1477099054161	addons.xpi-utils	DEBUG	New add-on e10srollout@mozilla.org installed in app-system-defaults
*** Blocklist::_loadBlocklistFromFile: blocklist is disabled
1477099054168	DeferredSave.extensions.json	DEBUG	Save changes
1477099054169	addons.xpi-utils	DEBUG	New add-on firefox@getpocket.com installed in app-system-defaults
1477099054173	DeferredSave.extensions.json	DEBUG	Starting timer
1477099054174	DeferredSave.extensions.json	DEBUG	Save changes
1477099054174	addons.xpi-utils	DEBUG	New add-on loop@mozilla.org installed in app-system-defaults
1477099054181	DeferredSave.extensions.json	DEBUG	Save changes
1477099054182	addons.xpi-utils	DEBUG	New add-on {972ce4c6-7e08-4474-a285-3208198ce6fd} installed in app-global
1477099054185	DeferredSave.extensions.json	DEBUG	Save changes
1477099054185	addons.xpi-utils	INFO	Hiding the updated system add-ons.
1477099054190	addons.xpi	DEBUG	Loading bootstrap scope from C:\Program Files (x86)\Mozilla Firefox\browser\features\e10srollout@mozilla.org.xpi
1477099054201	addons.xpi	DEBUG	Calling bootstrap method install on e10srollout@mozilla.org version 1.0
1477099054201	addons.xpi-utils	DEBUG	Make addon app-system-defaults:e10srollout@mozilla.org visible
1477099054201	DeferredSave.extensions.json	DEBUG	Save changes
1477099054202	addons.xpi	DEBUG	Loading bootstrap scope from C:\Program Files (x86)\Mozilla Firefox\browser\features\firefox@getpocket.com.xpi
1477099054205	addons.xpi	DEBUG	Calling bootstrap method install on firefox@getpocket.com version 1.0.2
1477099054205	addons.xpi-utils	DEBUG	Make addon app-system-defaults:firefox@getpocket.com visible
1477099054206	DeferredSave.extensions.json	DEBUG	Save changes
1477099054207	addons.xpi	DEBUG	Loading bootstrap scope from C:\Program Files (x86)\Mozilla Firefox\browser\features\loop@mozilla.org.xpi
1477099054213	addons.xpi	DEBUG	Calling bootstrap method install on loop@mozilla.org version 1.3.2
1477099054213	addons.xpi-utils	DEBUG	Make addon app-system-defaults:loop@mozilla.org visible
1477099054213	DeferredSave.extensions.json	DEBUG	Save changes
1477099054213	addons.xpi-utils	DEBUG	Make addon app-global:{972ce4c6-7e08-4474-a285-3208198ce6fd} visible
1477099054213	DeferredSave.extensions.json	DEBUG	Save changes
1477099054214	addons.xpi	DEBUG	Updating XPIState for {"id":"e10srollout@mozilla.org","syncGUID":"SIGZKCwvZxUP","location":"app-system-defaults","version":"1.0","type":"extension","internalName":null,"updateURL":null,"updateKey":null,"optionsURL":null,"optionsType":null,"aboutURL":null,"icons":{},"iconURL":null,"icon64URL":null,"defaultLocale":{"name":"Multi-process staged rollout","description":"Staged rollout of Firefox multi-process feature.","creator":null,"homepageURL":null},"visible":true,"active":true,"userDisabled":false,"appDisabled":false,"descriptor":"C:\\Program Files (x86)\\Mozilla Firefox\\browser\\features\\e10srollout@mozilla.org.xpi","installDate":1477096434394,"updateDate":1477096434394,"applyBackgroundUpdates":1,"bootstrap":true,"skinnable":false,"size":4584,"sourceURI":null,"releaseNotesURI":null,"softDisabled":false,"foreignInstall":false,"hasBinaryComponents":false,"strictCompatibility":false,"locales":[],"targetApplications":[{"id":"{ec8030f7-c20a-464f-9b0e-13a3a9e97384}","minVersion":"47.0.1","maxVersion":"47.0.1"}],"targetPlatforms":[],"multiprocessCompatible":false,"seen":true}
1477099054214	addons.xpi	DEBUG	getModTime: Recursive scan of e10srollout@mozilla.org
1477099054214	addons.xpi	DEBUG	Updating XPIState for {"id":"firefox@getpocket.com","syncGUID":"sWDyGyxBov9k","location":"app-system-defaults","version":"1.0.2","type":"extension","internalName":null,"updateURL":null,"updateKey":null,"optionsURL":null,"optionsType":null,"aboutURL":null,"icons":{},"iconURL":null,"icon64URL":null,"defaultLocale":{"name":"Pocket","description":"When you find something you want to view later, put it in Pocket.","creator":null,"homepageURL":null},"visible":true,"active":true,"userDisabled":false,"appDisabled":false,"descriptor":"C:\\Program Files (x86)\\Mozilla Firefox\\browser\\features\\firefox@getpocket.com.xpi","installDate":1477096434371,"updateDate":1477096434371,"applyBackgroundUpdates":1,"bootstrap":true,"skinnable":false,"size":894531,"sourceURI":null,"releaseNotesURI":null,"softDisabled":false,"foreignInstall":false,"hasBinaryComponents":false,"strictCompatibility":false,"locales":[],"targetApplications":[{"id":"{ec8030f7-c20a-464f-9b0e-13a3a9e97384}","minVersion":"47.0.1","maxVersion":"47.0.1"}],"targetPlatforms":[],"multiprocessCompatible":false,"seen":true}
1477099054214	addons.xpi	DEBUG	getModTime: Recursive scan of firefox@getpocket.com
1477099054215	addons.xpi	DEBUG	Updating XPIState for {"id":"loop@mozilla.org","syncGUID":"xyC5UKQx22rZ","location":"app-system-defaults","version":"1.3.2","type":"extension","internalName":null,"updateURL":null,"updateKey":null,"optionsURL":null,"optionsType":null,"aboutURL":null,"icons":{},"iconURL":null,"icon64URL":null,"defaultLocale":{"name":"Firefox Hello","description":"Web sharing for Firefox","creator":"Mozilla","homepageURL":null},"visible":true,"active":true,"userDisabled":false,"appDisabled":false,"descriptor":"C:\\Program Files (x86)\\Mozilla Firefox\\browser\\features\\loop@mozilla.org.xpi","installDate":1477096434285,"updateDate":1477096434285,"applyBackgroundUpdates":1,"bootstrap":true,"skinnable":false,"size":4239918,"sourceURI":null,"releaseNotesURI":null,"softDisabled":false,"foreignInstall":false,"hasBinaryComponents":false,"strictCompatibility":false,"locales":[],"targetApplications":[{"id":"{ec8030f7-c20a-464f-9b0e-13a3a9e97384}","minVersion":"46.0a1","maxVersion":"47.*"},{"id":"xpcshell@tests.mozilla.org","minVersion":"0","maxVersion":"10"}],"targetPlatforms":[],"multiprocessCompatible":false,"seen":true}
1477099054215	addons.xpi	DEBUG	getModTime: Recursive scan of loop@mozilla.org
1477099054215	addons.xpi	DEBUG	Updating XPIState for {"id":"{972ce4c6-7e08-4474-a285-3208198ce6fd}","syncGUID":"vzYodytSOrRO","location":"app-global","version":"47.0.1","type":"theme","internalName":"classic/1.0","updateURL":null,"updateKey":null,"optionsURL":null,"optionsType":null,"aboutURL":null,"icons":{"32":"icon.png","48":"icon.png"},"iconURL":null,"icon64URL":null,"defaultLocale":{"name":"Default","description":"The default theme.","creator":"Mozilla","homepageURL":null,"contributors":["Mozilla Contributors"]},"visible":true,"active":true,"userDisabled":false,"appDisabled":false,"descriptor":"C:\\Program Files (x86)\\Mozilla Firefox\\browser\\extensions\\{972ce4c6-7e08-4474-a285-3208198ce6fd}.xpi","installDate":1477096434400,"updateDate":1477096434400,"applyBackgroundUpdates":1,"skinnable":true,"size":22012,"sourceURI":null,"releaseNotesURI":null,"softDisabled":false,"foreignInstall":false,"hasBinaryComponents":false,"strictCompatibility":true,"locales":[],"targetApplications":[{"id":"{ec8030f7-c20a-464f-9b0e-13a3a9e97384}","minVersion":"47.0.1","maxVersion":"47.0.1"}],"targetPlatforms":[],"seen":true}
1477099054215	addons.xpi	DEBUG	getModTime: Recursive scan of {972ce4c6-7e08-4474-a285-3208198ce6fd}
1477099054216	DeferredSave.extensions.json	DEBUG	Save changes
1477099054216	addons.xpi	DEBUG	Updating database with changes to installed add-ons
1477099054216	addons.xpi-utils	DEBUG	Updating add-on states
1477099054217	addons.xpi-utils	DEBUG	Writing add-ons list
1477099054220	addons.xpi	DEBUG	Registering manifest for C:\Program Files (x86)\Mozilla Firefox\browser\features\e10srollout@mozilla.org.xpi
1477099054221	addons.xpi	DEBUG	Calling bootstrap method startup on e10srollout@mozilla.org version 1.0
1477099054221	addons.xpi	DEBUG	Registering manifest for C:\Program Files (x86)\Mozilla Firefox\browser\features\firefox@getpocket.com.xpi
1477099054222	addons.xpi	DEBUG	Calling bootstrap method startup on firefox@getpocket.com version 1.0.2
1477099054223	addons.xpi	DEBUG	Registering manifest for C:\Program Files (x86)\Mozilla Firefox\browser\features\loop@mozilla.org.xpi
1477099054223	addons.xpi	DEBUG	Calling bootstrap method startup on loop@mozilla.org version 1.3.2
1477099054242	addons.manager	DEBUG	Registering shutdown blocker for XPIProvider
1477099054242	addons.manager	DEBUG	Provider finished startup: XPIProvider
1477099054242	addons.manager	DEBUG	Starting provider: LightweightThemeManager
1477099054242	addons.manager	DEBUG	Registering shutdown blocker for LightweightThemeManager
1477099054242	addons.manager	DEBUG	Provider finished startup: LightweightThemeManager
1477099054243	addons.manager	DEBUG	Starting provider: GMPProvider
1477099054248	addons.manager	DEBUG	Registering shutdown blocker for GMPProvider
1477099054249	addons.manager	DEBUG	Provider finished startup: GMPProvider
1477099054249	addons.manager	DEBUG	Starting provider: PluginProvider
1477099054249	addons.manager	DEBUG	Registering shutdown blocker for PluginProvider
1477099054249	addons.manager	DEBUG	Provider finished startup: PluginProvider
1477099054250	addons.manager	DEBUG	Completed startup sequence
1477099056018	Marionette	INFO	Listening on port 60604
1477099061235	addons.manager	DEBUG	Starting provider: <unnamed-provider>
1477099061236	addons.manager	DEBUG	Registering shutdown blocker for <unnamed-provider>
1477099061236	addons.manager	DEBUG	Provider finished startup: <unnamed-provider>
1477099061373	addons.manager	DEBUG	Starting provider: PreviousExperimentProvider
1477099061373	addons.manager	DEBUG	Registering shutdown blocker for PreviousExperimentProvider
1477099061374	addons.manager	DEBUG	Provider finished startup: PreviousExperimentProvider
1477099061376	DeferredSave.extensions.json	DEBUG	Starting write
1477099062959	DeferredSave.extensions.json	DEBUG	Write succeeded
1477099062960	addons.xpi-utils	DEBUG	XPI Database saved, setting schema version preference to 17
1477099070661	addons.xpi	DEBUG	Calling bootstrap method shutdown on e10srollout@mozilla.org version 1.0
1477099070662	addons.xpi	DEBUG	Calling bootstrap method shutdown on firefox@getpocket.com version 1.0.2
1477099070663	addons.xpi	DEBUG	Calling bootstrap method shutdown on loop@mozilla.org version 1.3.2
